<?xml version="1.0" encoding="UTF-8"?>
<testsuite name="AppTest" tests="3" skipped="0" failures="0" errors="0" timestamp="2016-02-11T00:13:08" hostname="epicodus-65.local" time="0.018">
  <properties/>
  <testcase name="findAndReplace_willReplacePartialMatches_ChangedString" classname="AppTest" time="0.007"/>
  <testcase name="findAndReplace_willReplaceWorldWithUniverse_ChangedString" classname="AppTest" time="0.001"/>
  <testcase name="findAndReplace_willReplaceWorldWithDog_ChangedString" classname="AppTest" time="0.0"/>
  <system-out><![CDATA[]]></system-out>
  <system-err><![CDATA[]]></system-err>
</testsuite>
